<?xml version="1.0" encoding="UTF-8"?>
<testng-results ignored="0" total="1" passed="1" failed="0" skipped="0">
  <reporter-output>
  </reporter-output>
  <suite started-at="2024-03-05T11:40:39 IST" name="Default suite" finished-at="2024-03-05T11:40:59 IST" duration-ms="19439">
    <groups>
    </groups>
    <test started-at="2024-03-05T11:40:39 IST" name="Default test" finished-at="2024-03-05T11:40:59 IST" duration-ms="19439">
      <class name="com.ecom.iphoneModule.FlipKartForProduct">
        <test-method signature="fetchNameAndPrice()[pri:0, instance:com.ecom.iphoneModule.FlipKartForProduct@3e8c3cb]" started-at="2024-03-05T11:40:39 IST" name="fetchNameAndPrice" finished-at="2024-03-05T11:40:59 IST" duration-ms="19385" status="PASS">
          <reporter-output>
          </reporter-output>
        </test-method> <!-- fetchNameAndPrice -->
      </class> <!-- com.ecom.iphoneModule.FlipKartForProduct -->
    </test> <!-- Default test -->
  </suite> <!-- Default suite -->
</testng-results>
